build/outputs/logs/manifest-merger-debug-report.txt
-- Merging decision tree log ---
manifest
ADDED from DATA/kiddy/AndroidManifest.xml:2:1-73:12
	package
		ADDED from DATA/kiddy/AndroidManifest.xml:3:5-33
	android:versionName
		ADDED from DATA/kiddy/AndroidManifest.xml:6:5-30
		INJECTED from DATA/kiddy/AndroidManifest.xml
		INJECTED from DATA/kiddy/AndroidManifest.xml
	android:hardwareAccelerated
		ADDED from DATA/kiddy/AndroidManifest.xml:4:5-39
	android:versionCode
		ADDED from DATA/kiddy/AndroidManifest.xml:5:5-28
		INJECTED from DATA/kiddy/AndroidManifest.xml
		INJECTED from DATA/kiddy/AndroidManifest.xml
	xmlns:android
		ADDED from DATA/kiddy/AndroidManifest.xml:2:11-69
uses-sdk
ADDED from DATA/kiddy/AndroidManifest.xml:8:5-10:41
MERGED from [kiddy:CordovaLib:unspecified:debug] AndroidManifest.xml:25:5-44
	android:targetSdkVersion
		ADDED from DATA/kiddy/AndroidManifest.xml:10:9-38
	android:minSdkVersion
		ADDED from DATA/kiddy/AndroidManifest.xml:9:9-35
supports-screens
ADDED from DATA/kiddy/AndroidManifest.xml:12:5-18:40
	android:largeScreens
		ADDED from DATA/kiddy/AndroidManifest.xml:14:9-36
	android:smallScreens
		ADDED from DATA/kiddy/AndroidManifest.xml:17:9-36
	android:normalScreens
		ADDED from DATA/kiddy/AndroidManifest.xml:15:9-37
	android:xlargeScreens
		ADDED from DATA/kiddy/AndroidManifest.xml:18:9-37
	android:resizeable
		ADDED from DATA/kiddy/AndroidManifest.xml:16:9-34
	android:anyDensity
		ADDED from DATA/kiddy/AndroidManifest.xml:13:9-34
uses-permission#android.permission.INTERNET
ADDED from DATA/kiddy/AndroidManifest.xml:20:5-67
	android:name
		ADDED from DATA/kiddy/AndroidManifest.xml:20:22-64
uses-permission#android.permission.ACCESS_NETWORK_STATE
ADDED from DATA/kiddy/AndroidManifest.xml:21:5-79
	android:name
		ADDED from DATA/kiddy/AndroidManifest.xml:21:22-76
uses-permission#android.permission.ACCESS_WIFI_STATE
ADDED from DATA/kiddy/AndroidManifest.xml:22:5-76
	android:name
		ADDED from DATA/kiddy/AndroidManifest.xml:22:22-73
uses-permission#android.permission.VIBRATE
ADDED from DATA/kiddy/AndroidManifest.xml:23:5-66
	android:name
		ADDED from DATA/kiddy/AndroidManifest.xml:23:22-63
android:uses-permission#android.permission.WRITE_EXTERNAL_STORAGE
ADDED from DATA/kiddy/AndroidManifest.xml:25:5-89
	android:name
		ADDED from DATA/kiddy/AndroidManifest.xml:25:30-86
android:uses-permission#android.permission.READ_PHONE_STATE
ADDED from DATA/kiddy/AndroidManifest.xml:26:5-83
	android:name
		ADDED from DATA/kiddy/AndroidManifest.xml:26:30-80
android:uses-permission#android.permission.READ_EXTERNAL_STORAGE
ADDED from DATA/kiddy/AndroidManifest.xml:27:5-88
	android:name
		ADDED from DATA/kiddy/AndroidManifest.xml:27:30-85
application
ADDED from DATA/kiddy/AndroidManifest.xml:29:5-71:19
	android:label
		ADDED from DATA/kiddy/AndroidManifest.xml:32:9-41
	android:supportsRtl
		ADDED from DATA/kiddy/AndroidManifest.xml:33:9-35
	android:hardwareAccelerated
		ADDED from DATA/kiddy/AndroidManifest.xml:30:9-43
	android:icon
		ADDED from DATA/kiddy/AndroidManifest.xml:31:9-38
activity#com.coursework.app.MainActivity
ADDED from DATA/kiddy/AndroidManifest.xml:34:9-46:20
	android:label
		ADDED from DATA/kiddy/AndroidManifest.xml:37:13-50
	android:launchMode
		ADDED from DATA/kiddy/AndroidManifest.xml:38:13-43
	android:windowSoftInputMode
		ADDED from DATA/kiddy/AndroidManifest.xml:40:13-55
	android:configChanges
		ADDED from DATA/kiddy/AndroidManifest.xml:36:13-90
	android:theme
		ADDED from DATA/kiddy/AndroidManifest.xml:39:13-66
	android:name
		ADDED from DATA/kiddy/AndroidManifest.xml:35:13-41
intent-filter#android.intent.action.MAIN+android.intent.category.LAUNCHER
ADDED from DATA/kiddy/AndroidManifest.xml:41:13-45:29
	android:label
		ADDED from DATA/kiddy/AndroidManifest.xml:41:28-65
action#android.intent.action.MAIN
ADDED from DATA/kiddy/AndroidManifest.xml:42:17-69
	android:name
		ADDED from DATA/kiddy/AndroidManifest.xml:42:25-66
category#android.intent.category.LAUNCHER
ADDED from DATA/kiddy/AndroidManifest.xml:44:17-77
	android:name
		ADDED from DATA/kiddy/AndroidManifest.xml:44:27-74
activity#com.coursework.app.AddKiddyActivity
ADDED from DATA/kiddy/AndroidManifest.xml:47:9-50:20
	android:label
		ADDED from DATA/kiddy/AndroidManifest.xml:49:13-45
	android:name
		ADDED from DATA/kiddy/AndroidManifest.xml:48:13-45
activity#com.coursework.app.ListKiddyActivity
ADDED from DATA/kiddy/AndroidManifest.xml:51:9-54:20
	android:label
		ADDED from DATA/kiddy/AndroidManifest.xml:53:13-46
	android:name
		ADDED from DATA/kiddy/AndroidManifest.xml:52:13-46
activity#com.coursework.app.ViewActivity
ADDED from DATA/kiddy/AndroidManifest.xml:55:9-58:20
	android:label
		ADDED from DATA/kiddy/AndroidManifest.xml:57:13-56
	android:name
		ADDED from DATA/kiddy/AndroidManifest.xml:56:13-41
activity#com.coursework.app.ListEventActivity
ADDED from DATA/kiddy/AndroidManifest.xml:59:9-62:20
	android:label
		ADDED from DATA/kiddy/AndroidManifest.xml:61:13-62
	android:name
		ADDED from DATA/kiddy/AndroidManifest.xml:60:13-46
activity#com.coursework.app.AddReportActivity
ADDED from DATA/kiddy/AndroidManifest.xml:63:9-66:20
	android:label
		ADDED from DATA/kiddy/AndroidManifest.xml:65:13-62
	android:name
		ADDED from DATA/kiddy/AndroidManifest.xml:64:13-46
activity#com.coursework.app.ViewReportActivity
ADDED from DATA/kiddy/AndroidManifest.xml:67:9-70:20
	android:label
		ADDED from DATA/kiddy/AndroidManifest.xml:69:13-63
	android:name
		ADDED from DATA/kiddy/AndroidManifest.xml:68:13-47